[+] Building 1.9s (13/13) FINISHED                                                                                                      docker:default
     => [app internal] load build definition from Dockerfile                                                                                          0.0s
     => => transferring dockerfile: 753B                                                                                                              0.0s
     => [app internal] load .dockerignore                                                                                                             0.0s
     => => transferring context: 2B                                                                                                                   0.0s
     => [app] resolve image config for docker.io/docker/dockerfile:1.4                                                                                0.9s
     => CACHED [app] docker-image://docker.io/docker/dockerfile:1.4@sha256:9ba7531bd80fb0a858632727cf7a112fbfd19b17e94c4e84ced81e24ef1a0dbc           0.0s
     => [app internal] load metadata for docker.io/library/golang:1.18-alpine                                                                         0.7s
     => [app builder 1/6] FROM docker.io/library/golang:1.18-alpine@sha256:77f25981bd57e60a510165f3be89c901aec90453fd0f1c5a45691f6cb1528807           0.0s
     => [app internal] load build context                                                                                                             0.0s
     => => transferring context: 110B                                                                                                                 0.0s
     => CACHED [app builder 2/6] WORKDIR /code                                                                                                        0.0s
     => CACHED [app builder 3/6] COPY go.mod go.sum ./                                                                                                0.0s
     => CACHED [app builder 4/6] RUN --mount=type=cache,target=/go/pkg/mod/cache     go mod download                                                  0.0s
     => CACHED [app builder 5/6] COPY . .                                                                                                             0.0s
     => CACHED [app builder 6/6] RUN --mount=type=cache,target=/go/pkg/mod/cache     --mount=type=cache,target=/go-build     go build -o bin/app mai  0.0s
     => [app] exporting to image                                                                                                                      0.0s
     => => exporting layers                                                                                                                           0.0s
     => => writing image sha256:8fb80baf0259435f0289b31fb7ffcd60bdf434663edca1ac5a858be25ddba255                                                      0.0s
     => => naming to docker.io/library/ubuntu-app
ubuntu-app-1    | Go backend started!
ubuntu-proxy-1  | /docker-entrypoint.sh: /docker-entrypoint.d/ is not empty, will attempt to perform configuration
ubuntu-proxy-1  | /docker-entrypoint.sh: Looking for shell scripts in /docker-entrypoint.d/
ubuntu-proxy-1  | /docker-entrypoint.sh: Launching /docker-entrypoint.d/10-listen-on-ipv6-by-default.sh
ubuntu-proxy-1  | 10-listen-on-ipv6-by-default.sh: info: can not modify /etc/nginx/conf.d/default.conf (read-only file system?)
ubuntu-proxy-1  | /docker-entrypoint.sh: Sourcing /docker-entrypoint.d/15-local-resolvers.envsh
ubuntu-proxy-1  | /docker-entrypoint.sh: Launching /docker-entrypoint.d/20-envsubst-on-templates.sh
ubuntu-proxy-1  | /docker-entrypoint.sh: Launching /docker-entrypoint.d/30-tune-worker-processes.sh
ubuntu-app-1    | Go backend started!
ubuntu-app-1    | 2023/10/18 18:56:57 "GET http://16.171.149.120:8000/ HTTP/1.0" from 16.171.149.120:38676 - 200 20B in 8.213µs
ubuntu-proxy-1  | /docker-entrypoint.sh: Configuration complete; ready for start up
ubuntu-proxy-1  | 2023/10/18 18:56:47 [notice] 1#1: using the "epoll" event method
ubuntu-proxy-1  | 2023/10/18 18:56:47 [notice] 1#1: nginx/1.25.1
ubuntu-proxy-1  | 2023/10/18 18:56:47 [notice] 1#1: built by gcc 12.2.1 20220924 (Alpine 12.2.1_git20220924-r4) 
ubuntu-proxy-1  | 2023/10/18 18:56:47 [notice] 1#1: OS: Linux 6.2.0-1013-aws
ubuntu-proxy-1  | 2023/10/18 18:56:47 [notice] 1#1: getrlimit(RLIMIT_NOFILE): 1048576:1048576
ubuntu-proxy-1  | 2023/10/18 18:56:47 [notice] 1#1: start worker processes
ubuntu-proxy-1  | 2023/10/18 18:56:47 [notice] 1#1: start worker process 21
ubuntu-proxy-1  | 2023/10/18 18:56:47 [notice] 1#1: start worker process 22
ubuntu-proxy-1  | 89.232.40.100 - - [18/Oct/2023:18:56:57 +0000] "GET / HTTP/1.1" 200 20 "-" "curl/7.85.0" "-"
ubuntu-proxy-1  | 2023/10/18 18:57:03 [notice] 1#1: signal 3 (SIGQUIT) received, shutting down
ubuntu-proxy-1  | 2023/10/18 18:57:03 [notice] 22#22: gracefully shutting down
ubuntu-proxy-1  | 2023/10/18 18:57:03 [notice] 21#21: gracefully shutting down
ubuntu-proxy-1  | 2023/10/18 18:57:03 [notice] 22#22: exiting
ubuntu-proxy-1  | 2023/10/18 18:57:03 [notice] 21#21: exiting
ubuntu-proxy-1  | 2023/10/18 18:57:03 [notice] 21#21: exit
ubuntu-proxy-1  | 2023/10/18 18:57:03 [notice] 22#22: exit
ubuntu-proxy-1  | 2023/10/18 18:57:03 [notice] 1#1: signal 17 (SIGCHLD) received from 21
ubuntu-proxy-1  | 2023/10/18 18:57:03 [notice] 1#1: worker process 21 exited with code 0
ubuntu-proxy-1  | 2023/10/18 18:57:03 [notice] 1#1: worker process 22 exited with code 0
ubuntu-proxy-1  | 2023/10/18 18:57:03 [notice] 1#1: exit
